Submitting to leaderboard: amd-mixed-mla
GPU: MI355X
Mode: leaderboard
File: best_submission.py

Waiting for results...
{"status": "processing", "elapsed_time": 0.0}
{"status": "processing", "elapsed_time": 15.19}
{"status": "processing", "elapsed_time": 30.32}
{"status": "processing", "elapsed_time": 45.76}
{"status": "processing", "elapsed_time": 60.76}
{"status": "processing", "elapsed_time": 75.76}
{"status": "processing", "elapsed_time": 90.77}
{"status": "processing", "elapsed_time": 105.77}
{"status": "processing", "elapsed_time": 120.77}
{"status": "processing", "elapsed_time": 135.77}
{"status": "processing", "elapsed_time": 150.77}
{"status": "processing", "elapsed_time": 165.77}
{"status": "processing", "elapsed_time": 180.78}
{"status": "processing", "elapsed_time": 195.78}
{"status": "processing", "elapsed_time": 210.78}
{"status": "processing", "elapsed_time": 225.78}
{"status": "processing", "elapsed_time": 240.78}
{"status": "processing", "elapsed_time": 255.9}
{"status": "processing", "elapsed_time": 270.9}
{"status": "processing", "elapsed_time": 285.9}
{"status": "processing", "elapsed_time": 300.9}
{"status": "processing", "elapsed_time": 315.9}
{"status": "processing", "elapsed_time": 330.91}
{"status": "processing", "elapsed_time": 346.01}

"**MI355X on GitHub ✅ success**
> Workflow [23351647434](<https://github.com/gpu-mode/kernelbot/actions/runs/23351647434>) completed
> Downloading artifacts... done
> ✅ Testing successful
> ❌ Benchmarking failed

Running on:
* GPU: `AMD Instinct MI355X`
* CPU: `AMD EPYC 9575F 64-Core Processor`
* Device count: `1`
* Runtime: `ROCm`
* Platform: `Linux-6.8.0-60-generic-x86_64-with-glibc2.39`
* Torch: `2.10.0+rocm7.1`
* Hostname: `arc-runner-set-h82gb-runner-wclkc`


## ✅ Passed 4/4 tests:
```
✅ seed: 4220; qseqlen: 1; kvseqlen: 1024; batchsize: 4
> Maximum error: 0.01708984375
✅ seed: 5412; qseqlen: 1; kvseqlen: 1024; batchsize: 32
> Maximum error: 0.017822265625
✅ seed: 1360; qseqlen: 1; kvseqlen: 8192; batchsize: 64
> Maximum error: 0.0166015625
✅ seed: 9826; qseqlen: 1; kvseqlen: 8192; batchsize: 256
> Maximum error: 0.017578125```

## Benchmarks:
```
seed: 4217; qseqlen: 1; kvseqlen: 1024; batchsize: 4
 ⏱ 24.8 ± 0.02 µs
 ⚡ 24.1 µs 🐌 27.0 µs

❌ seed: 4220; qseqlen: 1; kvseqlen: 8192; batchsize: 4 failed testing:

Number of mismatched elements: 2898\
ERROR at (0, 0, 8): 0.040283203125 -0.08349609375\
ERROR at (0, 0, 56): -0.07958984375 0.0732421875\
ERROR at (0, 0, 61): -0.0157470703125 0.1357421875\
ERROR at (0, 0, 67): 2.0265579223632812e-05 0.11767578125\
ERROR at (0, 0, 87): -0.053955078125 0.06787109375\
... and 2893 more mismatched elements.

seed: 5412; qseqlen: 1; kvseqlen: 1024; batchsize: 32
 ⏱ 31.8 ± 0.03 µs
 ⚡ 31.2 µs 🐌 33.5 µs

❌ seed: 5415; qseqlen: 1; kvseqlen: 8192; batchsize: 32 failed testing:

Number of mismatched elements: 23782\
ERROR at (0, 0, 0): -0.08349609375 0.025634765625\
ERROR at (0, 0, 16): -0.035888671875 0.08349609375\
ERROR at (0, 0, 23): 0.052734375 -0.06640625\
ERROR at (0, 0, 34): 0.0703125 -0.036865234375\
ERROR at (0, 0, 37): 0.0272216796875 -0.10498046875\
... and 23777 more mismatched elements.

seed: 1357; qseqlen: 1; kvseqlen: 1024; batchsize: 64
 ⏱ 36.0 ± 0.04 µs
 ⚡ 35.1 µs 🐌 38.6 µs

❌ seed: 1360; qseqlen: 1; kvseqlen: 8192; batchsize: 64 failed testing:

Number of mismatched elements: 47503\
ERROR at (0, 0, 0): 0.05859375 -0.047119140625\
ERROR at (0, 0, 1): 0.072265625 -0.049560546875\
ERROR at (0, 0, 2): 0.06982421875 -0.04541015625\
ERROR at (0, 0, 15): 0.0008697509765625 0.1376953125\
ERROR at (0, 0, 33): -0.059326171875 0.058349609375\
... and 47498 more mismatched elements.

seed: 9823; qseqlen: 1; kvseqlen: 1024; batchsize: 256
 ⏱ 70.0 ± 0.07 µs
 ⚡ 68.4 µs 🐌 73.4 µs

❌ seed: 9826; qseqlen: 1; kvseqlen: 8192; batchsize: 256 failed testing:

Number of mismatched elements: 191425\
ERROR at (0, 0, 1): 0.07177734375 -0.03564453125\
ERROR at (0, 0, 11): 0.019287109375 -0.11083984375\
ERROR at (0, 0, 19): 0.07373046875 -0.053466796875\
ERROR at (0, 0, 40): -0.08740234375 0.04052734375\
ERROR at (0, 0, 61): 0.01171875 -0.11181640625\
... and 191420 more mismatched elements.
```","**MI355X on GitHub (secret) ✅ success**
> Workflow [23351647691](<https://github.com/gpu-mode/kernelbot/actions/runs/23351647691>) completed
> Downloading artifacts... done
> ✅ Testing successful
> ❌ Benchmarking failed
"
