Submitting to leaderboard: amd-mixed-mla
GPU: MI355X
Mode: leaderboard
File: best_submission.py

Waiting for results...
{"status": "processing", "elapsed_time": 0.0}
{"status": "processing", "elapsed_time": 15.43}
{"status": "processing", "elapsed_time": 31.25}
{"status": "processing", "elapsed_time": 46.96}
{"status": "processing", "elapsed_time": 62.71}
{"status": "processing", "elapsed_time": 77.71}
{"status": "processing", "elapsed_time": 92.71}
{"status": "processing", "elapsed_time": 107.71}
{"status": "processing", "elapsed_time": 122.71}
{"status": "processing", "elapsed_time": 137.71}
{"status": "processing", "elapsed_time": 152.71}
{"status": "processing", "elapsed_time": 167.71}
{"status": "processing", "elapsed_time": 183.65}
{"status": "processing", "elapsed_time": 198.65}
{"status": "processing", "elapsed_time": 213.66}
{"status": "processing", "elapsed_time": 228.94}
{"status": "processing", "elapsed_time": 243.94}
{"status": "processing", "elapsed_time": 258.94}
{"status": "processing", "elapsed_time": 273.94}
{"status": "processing", "elapsed_time": 288.94}
{"status": "processing", "elapsed_time": 303.94}
{"status": "processing", "elapsed_time": 318.94}
{"status": "processing", "elapsed_time": 334.48}
{"status": "processing", "elapsed_time": 349.48}
{"status": "processing", "elapsed_time": 364.48}
{"status": "processing", "elapsed_time": 379.48}
{"status": "processing", "elapsed_time": 394.48}
{"status": "processing", "elapsed_time": 409.96}
{"status": "processing", "elapsed_time": 425.17}
{"status": "processing", "elapsed_time": 440.2}
STDOUT (Run 1):
[aiter] hipModuleLoad: /home/runner/aiter/hsa//gfx950/mla/mla_a8w8_qh16_qseqlen1_gqaratio16_ps.co GetFunction: _ZN5aiter36mla_a8w8_qh16_qseqlen1_gqaratio16_psE
[aiter] hipModuleGetFunction: _ZN5aiter36mla_a8w8_qh16_qseqlen1_gqaratio16_psE Success
[aiter] hipModuleLoad: /home/runner/aiter/hsa//gfx950/mla/mla_a8w8_qh16_qseqlen1_gqaratio16.co GetFunction: _ZN5aiter33mla_a8w8_qh16_qseqlen1_gqaratio16E
[aiter] hipModuleGetFunction: _ZN5aiter33mla_a8w8_qh16_qseqlen1_gqaratio16E Success

STDERR (Run 1):
[aiter] import [module_aiter_enum] under /home/runner/aiter/aiter/jit/module_aiter_enum.so
[aiter] import [module_aiter_enum] under /home/runner/aiter/aiter/jit/module_aiter_enum.so
[aiter] import [module_quant] under /home/runner/aiter/aiter/jit/module_quant.so
[aiter] type hints mismatch, override to --> dynamic_per_tensor_quant(arg0: torch.Tensor, arg1: torch.Tensor, arg2: torch.Tensor) -> None
[aiter] import [module_mla_metadata] under /home/runner/aiter/aiter/jit/module_mla_metadata.so
[aiter] type hints mismatch, override to --> get_mla_metadata_v1(seqlens_qo_indptr: torch.Tensor, seqlens_kv_indptr: torch.Tensor, kv_last_page_lens: torch.Tensor, num_heads_per_head_k: int | typing.SupportsIndex, num_heads_k: int | typing.SupportsIndex, is_causal: bool, work_metadata_ptrs: torch.Tensor, work_info_set: torch.Tensor, work_indptr: torch.Tensor, reduce_indptr: torch.Tensor, reduce_final_map: torch.Tensor, reduce_partial_map: torch.Tensor, page_size: int | typing.SupportsIndex = 1, kv_granularity: int | typing.SupportsIndex = 16, max_seqlen_qo: int | typing.SupportsIndex = -1, uni_seqlen_qo: int | typing.SupportsIndex = -1, fast_mode: bool = True, topk: int | typing.SupportsIndex = -1, max_split_per_batch: int | typing.SupportsIndex = -1, intra_batch_mode: bool = False, dtype_q: Optional[torch.dtype] = None, dtype_kv: Optional[torch.dtype] = None) -> None
[aiter] import [module_mla_asm] under /home/runner/aiter/aiter/jit/module_mla_asm.so
[aiter] type hints mismatch, override to --> mla_decode_stage1_asm_fwd(Q: torch.Tensor, KV: torch.Tensor, qo_indptr: torch.Tensor, kv_indptr: torch.Tensor, kv_page_indices: torch.Tensor, kv_last_page_lens: torch.Tensor, num_kv_splits_indptr: Optional[torch.Tensor], work_meta_data: Optional[torch.Tensor], work_indptr: Optional[torch.Tensor], work_info_set: Optional[torch.Tensor], max_seqlen_q: int | typing.SupportsIndex, page_size: int | typing.SupportsIndex, nhead_kv: int | typing.SupportsIndex, softmax_scale: float | typing.SupportsIndex, splitData: torch.Tensor, splitLse: torch.Tensor, output: torch.Tensor, q_scale: Optional[torch.Tensor] = None, kv_scale: Optional[torch.Tensor] = None) -> None
[aiter] import [module_mla_reduce] under /home/runner/aiter/aiter/jit/module_mla_reduce.so
[aiter] type hints mismatch, override to --> mla_reduce_v1(partial_output: torch.Tensor, partial_lse: torch.Tensor, reduce_indptr: torch.Tensor, reduce_final_map: Optional[torch.Tensor], reduce_partial_map: torch.Tensor, max_seqlen_q: int | typing.SupportsIndex, final_output: torch.Tensor, final_lse: Optional[torch.Tensor] = None) -> None

STDOUT (Run 2):
[aiter] hipModuleLoad: /home/runner/aiter/hsa//gfx950/mla/mla_a8w8_qh16_qseqlen1_gqaratio16_ps.co GetFunction: _ZN5aiter36mla_a8w8_qh16_qseqlen1_gqaratio16_psE
[aiter] hipModuleGetFunction: _ZN5aiter36mla_a8w8_qh16_qseqlen1_gqaratio16_psE Success
[aiter] hipModuleLoad: /home/runner/aiter/hsa//gfx950/mla/mla_a8w8_qh16_qseqlen1_gqaratio16.co GetFunction: _ZN5aiter33mla_a8w8_qh16_qseqlen1_gqaratio16E
[aiter] hipModuleGetFunction: _ZN5aiter33mla_a8w8_qh16_qseqlen1_gqaratio16E Success

STDERR (Run 2):
[aiter] import [module_aiter_enum] under /home/runner/aiter/aiter/jit/module_aiter_enum.so
[aiter] import [module_aiter_enum] under /home/runner/aiter/aiter/jit/module_aiter_enum.so
[aiter] import [module_quant] under /home/runner/aiter/aiter/jit/module_quant.so
[aiter] type hints mismatch, override to --> dynamic_per_tensor_quant(arg0: torch.Tensor, arg1: torch.Tensor, arg2: torch.Tensor) -> None
[aiter] import [module_mla_metadata] under /home/runner/aiter/aiter/jit/module_mla_metadata.so
[aiter] type hints mismatch, override to --> get_mla_metadata_v1(seqlens_qo_indptr: torch.Tensor, seqlens_kv_indptr: torch.Tensor, kv_last_page_lens: torch.Tensor, num_heads_per_head_k: int | typing.SupportsIndex, num_heads_k: int | typing.SupportsIndex, is_causal: bool, work_metadata_ptrs: torch.Tensor, work_info_set: torch.Tensor, work_indptr: torch.Tensor, reduce_indptr: torch.Tensor, reduce_final_map: torch.Tensor, reduce_partial_map: torch.Tensor, page_size: int | typing.SupportsIndex = 1, kv_granularity: int | typing.SupportsIndex = 16, max_seqlen_qo: int | typing.SupportsIndex = -1, uni_seqlen_qo: int | typing.SupportsIndex = -1, fast_mode: bool = True, topk: int | typing.SupportsIndex = -1, max_split_per_batch: int | typing.SupportsIndex = -1, intra_batch_mode: bool = False, dtype_q: Optional[torch.dtype] = None, dtype_kv: Optional[torch.dtype] = None) -> None
[aiter] import [module_mla_asm] under /home/runner/aiter/aiter/jit/module_mla_asm.so
[aiter] type hints mismatch, override to --> mla_decode_stage1_asm_fwd(Q: torch.Tensor, KV: torch.Tensor, qo_indptr: torch.Tensor, kv_indptr: torch.Tensor, kv_page_indices: torch.Tensor, kv_last_page_lens: torch.Tensor, num_kv_splits_indptr: Optional[torch.Tensor], work_meta_data: Optional[torch.Tensor], work_indptr: Optional[torch.Tensor], work_info_set: Optional[torch.Tensor], max_seqlen_q: int | typing.SupportsIndex, page_size: int | typing.SupportsIndex, nhead_kv: int | typing.SupportsIndex, softmax_scale: float | typing.SupportsIndex, splitData: torch.Tensor, splitLse: torch.Tensor, output: torch.Tensor, q_scale: Optional[torch.Tensor] = None, kv_scale: Optional[torch.Tensor] = None) -> None
[aiter] import [module_mla_reduce] under /home/runner/aiter/aiter/jit/module_mla_reduce.so
[aiter] type hints mismatch, override to --> mla_reduce_v1(partial_output: torch.Tensor, partial_lse: torch.Tensor, reduce_indptr: torch.Tensor, reduce_final_map: Optional[torch.Tensor], reduce_partial_map: torch.Tensor, max_seqlen_q: int | typing.SupportsIndex, final_output: torch.Tensor, final_lse: Optional[torch.Tensor] = None) -> None


"**MI355X on GitHub ✅ success**
> Workflow [23355373282](<https://github.com/gpu-mode/kernelbot/actions/runs/23355373282>) completed
> Downloading artifacts... done
> ✅ Testing successful
> ✅ Benchmarking successful
> ❌ Leaderboard run failed

Running on:
* GPU: `AMD Instinct MI355X`
* CPU: `AMD EPYC 9575F 64-Core Processor`
* Device count: `1`
* Runtime: `ROCm`
* Platform: `Linux-6.8.0-60-generic-x86_64-with-glibc2.39`
* Torch: `2.10.0+rocm7.1`
* Hostname: `arc-runner-set-h82gb-runner-4lcrz`


## ✅ Passed 4/4 tests:
```
✅ seed: 4220; qseqlen: 1; kvseqlen: 1024; batchsize: 4
> Maximum error: 0.01708984375
✅ seed: 5412; qseqlen: 1; kvseqlen: 1024; batchsize: 32
> Maximum error: 0.017822265625
✅ seed: 1360; qseqlen: 1; kvseqlen: 8192; batchsize: 64
> Maximum error: 0.0166015625
✅ seed: 9826; qseqlen: 1; kvseqlen: 8192; batchsize: 256
> Maximum error: 0.017578125```

## Benchmarks:
```
seed: 4217; qseqlen: 1; kvseqlen: 1024; batchsize: 4
 ⏱ 27.5 ± 0.03 µs
 ⚡ 26.9 µs 🐌 33.4 µs

seed: 4220; qseqlen: 1; kvseqlen: 8192; batchsize: 4
 ⏱ 38.7 ± 0.04 µs
 ⚡ 38.0 µs 🐌 40.9 µs

seed: 5412; qseqlen: 1; kvseqlen: 1024; batchsize: 32
 ⏱ 40.1 ± 0.04 µs
 ⚡ 38.8 µs 🐌 43.6 µs

seed: 5415; qseqlen: 1; kvseqlen: 8192; batchsize: 32
 ⏱ 89.0 ± 0.09 µs
 ⚡ 84.6 µs 🐌 96.8 µs

seed: 1357; qseqlen: 1; kvseqlen: 1024; batchsize: 64
 ⏱ 51.6 ± 0.05 µs
 ⚡ 50.0 µs 🐌 56.7 µs

seed: 1360; qseqlen: 1; kvseqlen: 8192; batchsize: 64
 ⏱ 143 ± 0.1 µs
 ⚡ 136 µs 🐌 154 µs

seed: 9823; qseqlen: 1; kvseqlen: 1024; batchsize: 256
 ⏱ 121 ± 0.1 µs
 ⚡ 117 µs 🐌 128 µs

seed: 9826; qseqlen: 1; kvseqlen: 8192; batchsize: 256
 ⏱ 320 ± 0.3 µs
 ⚡ 311 µs 🐌 336 µs
```

## Ranked Benchmark:
```
seed: 4217; qseqlen: 1; kvseqlen: 1024; batchsize: 4
 ⏱ 29.4 ± 0.06 µs
 ⚡ 28.5 µs 🐌 33.1 µs

seed: 4220; qseqlen: 1; kvseqlen: 8192; batchsize: 4
 ⏱ 39.3 ± 0.09 µs
 ⚡ 38.1 µs 🐌 43.5 µs

seed: 5412; qseqlen: 1; kvseqlen: 1024; batchsize: 32
 ⏱ 39.8 ± 0.10 µs
 ⚡ 38.7 µs 🐌 44.8 µs

seed: 5415; qseqlen: 1; kvseqlen: 8192; batchsize: 32
 ⏱ 90.1 ± 0.21 µs
 ⚡ 86.6 µs 🐌 96.9 µs

seed: 1357; qseqlen: 1; kvseqlen: 1024; batchsize: 64
 ⏱ 53.1 ± 0.11 µs
 ⚡ 51.6 µs 🐌 56.7 µs

seed: 1360; qseqlen: 1; kvseqlen: 8192; batchsize: 64
 ⏱ 147 ± 0.3 µs
 ⚡ 139 µs 🐌 154 µs

seed: 9823; qseqlen: 1; kvseqlen: 1024; batchsize: 256
 ⏱ 123 ± 0.2 µs
 ⚡ 119 µs 🐌 128 µs

❌ seed: 9826; qseqlen: 1; kvseqlen: 8192; batchsize: 256 failed testing:

Number of mismatched elements: 118660\
ERROR at (0, 3, 0): -0.130859375 0.0213623046875\
ERROR at (0, 3, 2): -0.32421875 -0.0673828125\
ERROR at (0, 3, 5): 0.60546875 0.001312255859375\
ERROR at (0, 3, 8): -0.126953125 -0.0118408203125\
ERROR at (0, 3, 10): 0.2099609375 0.0157470703125\
... and 118655 more mismatched elements.
```","**MI355X on GitHub (secret) ✅ success**
> Workflow [23355373521](<https://github.com/gpu-mode/kernelbot/actions/runs/23355373521>) completed
> Downloading artifacts... done
> ✅ Testing successful
> ✅ Benchmarking successful
> ✅ Leaderboard run successful
"
