Submitting to leaderboard: amd-mxfp4-mm
GPU: MI355X
Mode: leaderboard
File: best_submission.py

Waiting for results...
{"status": "processing", "elapsed_time": 0.0}
{"status": "processing", "elapsed_time": 17.27}
{"status": "processing", "elapsed_time": 32.27}
{"status": "processing", "elapsed_time": 47.28}
{"status": "processing", "elapsed_time": 62.28}
{"status": "processing", "elapsed_time": 77.28}
{"status": "processing", "elapsed_time": 92.28}
{"status": "processing", "elapsed_time": 107.28}
{"status": "processing", "elapsed_time": 122.28}
{"status": "processing", "elapsed_time": 137.28}
{"status": "processing", "elapsed_time": 152.28}
{"status": "processing", "elapsed_time": 167.29}
{"status": "processing", "elapsed_time": 182.29}
{"status": "processing", "elapsed_time": 197.29}
{"status": "processing", "elapsed_time": 212.29}
{"status": "processing", "elapsed_time": 227.3}
{"status": "processing", "elapsed_time": 242.3}
{"status": "processing", "elapsed_time": 257.3}
{"status": "processing", "elapsed_time": 273.2}
{"status": "processing", "elapsed_time": 288.2}
{"status": "processing", "elapsed_time": 303.2}
{"status": "processing", "elapsed_time": 318.2}
{"status": "processing", "elapsed_time": 333.2}
{"status": "processing", "elapsed_time": 348.2}
STDOUT (Run 1):
[aiter] hipModuleLoad: /home/runner/aiter/hsa//gfx950/f4gemm/f4gemm_bf16_per1x32Fp4_BpreShuffle_192x128.co GetFunction: _ZN5aiter42f4gemm_bf16_per1x32Fp4_BpreShuffle_192x128E
[aiter] hipModuleGetFunction: _ZN5aiter42f4gemm_bf16_per1x32Fp4_BpreShuffle_192x128E Success
[aiter] hipModuleLoad: /home/runner/aiter/hsa//gfx950/f4gemm/f4gemm_bf16_per1x32Fp4_BpreShuffle_32x128.co GetFunction: _ZN5aiter41f4gemm_bf16_per1x32Fp4_BpreShuffle_32x128E
[aiter] hipModuleGetFunction: _ZN5aiter41f4gemm_bf16_per1x32Fp4_BpreShuffle_32x128E Success

STDERR (Run 1):
[aiter] import [module_aiter_enum] under /home/runner/aiter/aiter/jit/module_aiter_enum.so
[aiter] import [module_aiter_enum] under /home/runner/aiter/aiter/jit/module_aiter_enum.so
[aiter] import [module_gemm_common] under /home/runner/aiter/aiter/jit/module_gemm_common.so
[aiter] type hints mismatch, override to --> get_padded_m(M: int | typing.SupportsIndex, N: int | typing.SupportsIndex, K: int | typing.SupportsIndex, gl: int | typing.SupportsIndex) -> int
[aiter] shape is M:4, N:2880, K:512, not found tuned config in CKGEMM or asmGEMM, will use default config!
[aiter] import [module_gemm_a4w4_asm] under /home/runner/aiter/aiter/jit/module_gemm_a4w4_asm.so
[aiter] type hints mismatch, override to --> gemm_a4w4_asm(A: torch.Tensor, B: torch.Tensor, A_scale: torch.Tensor, B_scale: torch.Tensor, out: torch.Tensor, kernelName: str, bias: Optional[torch.Tensor] = None, alpha: float | Optional[typing.SupportsIndex] = 1.0, beta: float | Optional[typing.SupportsIndex] = 0.0, bpreshuffle: Optional[bool] = True, log2_k_split: int | Optional[typing.SupportsIndex] = None) -> torch.Tensor
[aiter] shape is M:16, N:2112, K:7168, not found tuned config in CKGEMM or asmGEMM, will use default config!
[aiter] shape is M:32, N:4096, K:512, not found tuned config in CKGEMM or asmGEMM, will use default config!
[aiter] shape is M:32, N:2880, K:512, not found tuned config in CKGEMM or asmGEMM, will use default config!

STDOUT (Run 2):
[aiter] hipModuleLoad: /home/runner/aiter/hsa//gfx950/f4gemm/f4gemm_bf16_per1x32Fp4_BpreShuffle_192x128.co GetFunction: _ZN5aiter42f4gemm_bf16_per1x32Fp4_BpreShuffle_192x128E
[aiter] hipModuleGetFunction: _ZN5aiter42f4gemm_bf16_per1x32Fp4_BpreShuffle_192x128E Success
[aiter] hipModuleLoad: /home/runner/aiter/hsa//gfx950/f4gemm/f4gemm_bf16_per1x32Fp4_BpreShuffle_32x128.co GetFunction: _ZN5aiter41f4gemm_bf16_per1x32Fp4_BpreShuffle_32x128E
[aiter] hipModuleGetFunction: _ZN5aiter41f4gemm_bf16_per1x32Fp4_BpreShuffle_32x128E Success

STDERR (Run 2):
[aiter] import [module_aiter_enum] under /home/runner/aiter/aiter/jit/module_aiter_enum.so
[aiter] import [module_aiter_enum] under /home/runner/aiter/aiter/jit/module_aiter_enum.so
[aiter] import [module_gemm_common] under /home/runner/aiter/aiter/jit/module_gemm_common.so
[aiter] type hints mismatch, override to --> get_padded_m(M: int | typing.SupportsIndex, N: int | typing.SupportsIndex, K: int | typing.SupportsIndex, gl: int | typing.SupportsIndex) -> int
[aiter] shape is M:4, N:2880, K:512, not found tuned config in CKGEMM or asmGEMM, will use default config!
[aiter] import [module_gemm_a4w4_asm] under /home/runner/aiter/aiter/jit/module_gemm_a4w4_asm.so
[aiter] type hints mismatch, override to --> gemm_a4w4_asm(A: torch.Tensor, B: torch.Tensor, A_scale: torch.Tensor, B_scale: torch.Tensor, out: torch.Tensor, kernelName: str, bias: Optional[torch.Tensor] = None, alpha: float | Optional[typing.SupportsIndex] = 1.0, beta: float | Optional[typing.SupportsIndex] = 0.0, bpreshuffle: Optional[bool] = True, log2_k_split: int | Optional[typing.SupportsIndex] = None) -> torch.Tensor
[aiter] shape is M:16, N:2112, K:7168, not found tuned config in CKGEMM or asmGEMM, will use default config!
[aiter] shape is M:32, N:4096, K:512, not found tuned config in CKGEMM or asmGEMM, will use default config!
[aiter] shape is M:32, N:2880, K:512, not found tuned config in CKGEMM or asmGEMM, will use default config!


"**MI355X on GitHub ✅ success**
> Workflow [23355974236](<https://github.com/gpu-mode/kernelbot/actions/runs/23355974236>) completed
> Downloading artifacts... done
> ✅ Testing successful
> ✅ Benchmarking successful
> ✅ Leaderboard run successful

Running on:
* GPU: `AMD Instinct MI355X`
* CPU: `AMD EPYC 9575F 64-Core Processor`
* Device count: `1`
* Runtime: `ROCm`
* Platform: `Linux-6.8.0-60-generic-x86_64-with-glibc2.39`
* Torch: `2.10.0+rocm7.1`
* Hostname: `arc-runner-set-h82gb-runner-qqzsv`


## ✅ Passed 4/4 tests:
```
✅ k: 7168; m: 8; n: 2112; seed: 124
> Maximum error: 0.0
✅ k: 1536; m: 16; n: 3072; seed: 6635
> Maximum error: 0.0
✅ k: 1536; m: 64; n: 3072; seed: 45
> Maximum error: 0.0
✅ k: 512; m: 256; n: 2880; seed: 78
> Maximum error: 0.0```

## Benchmarks:
```
k: 512; m: 4; n: 2880; seed: 4565
 ⏱ 6.19 ± 0.020 µs
 ⚡ 5.88 µs 🐌 11.4 µs

k: 7168; m: 16; n: 2112; seed: 15
 ⏱ 11.2 ± 0.02 µs
 ⚡ 10.3 µs 🐌 16.0 µs

k: 512; m: 32; n: 4096; seed: 457
 ⏱ 6.29 ± 0.020 µs
 ⚡ 5.84 µs 🐌 11.0 µs

k: 512; m: 32; n: 2880; seed: 54
 ⏱ 6.18 ± 0.018 µs
 ⚡ 5.88 µs 🐌 11.0 µs

k: 2048; m: 64; n: 7168; seed: 687
 ⏱ 13.3 ± 0.02 µs
 ⚡ 12.6 µs 🐌 17.7 µs

k: 1536; m: 256; n: 3072; seed: 7856
 ⏱ 12.1 ± 0.02 µs
 ⚡ 11.6 µs 🐌 16.7 µs
```

## Ranked Benchmark:
```
k: 512; m: 4; n: 2880; seed: 4565
 ⏱ 6.39 ± 0.077 µs
 ⚡ 6.04 µs 🐌 10.8 µs

k: 7168; m: 16; n: 2112; seed: 15
 ⏱ 11.6 ± 0.07 µs
 ⚡ 10.8 µs 🐌 15.5 µs

k: 512; m: 32; n: 4096; seed: 457
 ⏱ 6.78 ± 0.069 µs
 ⚡ 6.16 µs 🐌 11.8 µs

k: 512; m: 32; n: 2880; seed: 54
 ⏱ 6.56 ± 0.075 µs
 ⚡ 6.04 µs 🐌 11.1 µs

k: 2048; m: 64; n: 7168; seed: 687
 ⏱ 13.7 ± 0.06 µs
 ⚡ 13.0 µs 🐌 18.0 µs

k: 1536; m: 256; n: 3072; seed: 7856
 ⏱ 12.8 ± 0.04 µs
 ⚡ 12.2 µs 🐌 14.9 µs
```","**MI355X on GitHub (secret) ✅ success**
> Workflow [23355974750](<https://github.com/gpu-mode/kernelbot/actions/runs/23355974750>) completed
> Downloading artifacts... done
> ✅ Testing successful
> ✅ Benchmarking successful
> ✅ Leaderboard run successful
"
